selscan --ihs --hap YRI.recode.vcf.hap --map YRI_filled.map --out YRI --threads 8 
v1.2.0a
Calculating  iHS.
Input filename: YRI.recode.vcf.hap
Map filename: YRI_filled.map
Output file: YRI.ihs.out
Threads: 8
Scale parameter: 20000
Max gap parameter: 200000
EHH cutoff value: 0.05
Alt flag set: no
--skip-low-freq set. Removing all variants < 0.05.
Removed 3201 low frequency variants.
WARNING: Reached a gap of 270927bp > 200000bp. Skipping calculation at rs4433784
WARNING: Reached a gap of 1886695bp > 200000bp. Skipping calculation at rs1845994
WARNING: Reached chromosome edge before EHH decayed below 0.05. Skipping calculation at rs3913389
WARNING: Reached a gap of 270927bp > 200000bp. Skipping calculation at rs12900111
WARNING: Reached a gap of 270927bp > 200000bp. Skipping calculation at rs12900257
WARNING: Reached a gap of 270927bp > 200000bp. Skipping calculation at rs17137283
WARNING: Reached a gap of 270927bp > 200000bp. Skipping calculation at rs11632888
WARNING: Reached a gap of 270927bp > 200000bp. Skipping calculation at rs17137276
WARNING: Reached a gap of 270927bp > 200000bp. Skipping calculation at rs2251602
WARNING: Reached a gap of 270927bp > 200000bp. Skipping calculation at rs7359214
WARNING: Reached chromosome edge before EHH decayed below 0.05. Skipping calculation at rs11853752
WARNING: Reached a gap of 270927bp > 200000bp. Skipping calculation at rs8031642
WARNING: Reached a gap of 270927bp > 200000bp. Skipping calculation at rs765763
WARNING: Reached a gap of 270927bp > 200000bp. Skipping calculation at rs12899479
WARNING: Reached a gap of 270927bp > 200000bp. Skipping calculation at rs8036678
WARNING: Reached a gap of 270927bp > 200000bp. Skipping calculation at rs9806547
WARNING: Reached a gap of 427826bp > 200000bp. Skipping calculation at rs1059774
WARNING: Reached a gap of 427826bp > 200000bp. Skipping calculation at rs3883043
WARNING: Reached a gap of 427826bp > 200000bp. Skipping calculation at rs17118742
WARNING: Reached a gap of 427826bp > 200000bp. Skipping calculation at rs9806254
WARNING: Reached a gap of 427826bp > 200000bp. Skipping calculation at rs7179251
WARNING: Reached a gap of 427826bp > 200000bp. Skipping calculation at rs7495286
WARNING: Reached a gap of 427826bp > 200000bp. Skipping calculation at rs12101663
WARNING: Reached a gap of 427826bp > 200000bp. Skipping calculation at rs4778334
WARNING: Reached a gap of 427826bp > 200000bp. Skipping calculation at rs11638103
WARNING: Reached a gap of 427826bp > 200000bp. Skipping calculation at rs7181789
WARNING: Reached a gap of 427826bp > 200000bp. Skipping calculation at rs7168676
WARNING: Reached a gap of 427826bp > 200000bp. Skipping calculation at rs4778527
WARNING: Reached a gap of 427826bp > 200000bp. Skipping calculation at rs6606820
WARNING: Reached a gap of 427826bp > 200000bp. Skipping calculation at rs11161162
WARNING: Reached a gap of 427826bp > 200000bp. Skipping calculation at rs12439636
WARNING: Reached a gap of 427826bp > 200000bp. Skipping calculation at rs7174119
WARNING: Reached a gap of 427826bp > 200000bp. Skipping calculation at rs6576313
WARNING: Reached a gap of 427826bp > 200000bp. Skipping calculation at rs7172332
WARNING: Reached a gap of 427826bp > 200000bp. Skipping calculation at rs7170324
WARNING: Reached a gap of 427826bp > 200000bp. Skipping calculation at rs7173717
WARNING: Reached a gap of 427826bp > 200000bp. Skipping calculation at rs11855704
WARNING: Reached a gap of 427826bp > 200000bp. Skipping calculation at rs4362366
WARNING: Reached a gap of 427826bp > 200000bp. Skipping calculation at rs6606830
WARNING: Reached a gap of 427826bp > 200000bp. Skipping calculation at rs11852762
WARNING: Reached a gap of 427826bp > 200000bp. Skipping calculation at rs7163386
WARNING: Reached a gap of 427826bp > 200000bp. Skipping calculation at rs4778541
WARNING: Reached a gap of 427826bp > 200000bp. Skipping calculation at rs4778531
WARNING: Reached a gap of 427826bp > 200000bp. Skipping calculation at rs11263683
WARNING: Reached a gap of 427826bp > 200000bp. Skipping calculation at rs1997129
WARNING: Reached a gap of 427826bp > 200000bp. Skipping calculation at rs2140972
WARNING: Reached a gap of 427826bp > 200000bp. Skipping calculation at rs2345408
WARNING: Reached a gap of 427826bp > 200000bp. Skipping calculation at rs4570817
WARNING: Reached a gap of 427826bp > 200000bp. Skipping calculation at rs1589921
WARNING: Reached a gap of 427826bp > 200000bp. Skipping calculation at rs8023444
WARNING: Reached a gap of 427826bp > 200000bp. Skipping calculation at rs1589918
WARNING: Reached a gap of 427826bp > 200000bp. Skipping calculation at rs4778544
WARNING: Reached a gap of 427826bp > 200000bp. Skipping calculation at rs7497492
WARNING: Reached a gap of 363523bp > 200000bp. Skipping calculation at rs16950482
WARNING: Reached a gap of 363523bp > 200000bp. Skipping calculation at rs8043100
WARNING: Reached a gap of 363523bp > 200000bp. Skipping calculation at rs12910433
WARNING: Reached a gap of 363523bp > 200000bp. Skipping calculation at rs1466096
WARNING: Reached a gap of 363523bp > 200000bp. Skipping calculation at rs3829488
WARNING: Reached a gap of 363523bp > 200000bp. Skipping calculation at rs2594915
WARNING: Reached a gap of 363523bp > 200000bp. Skipping calculation at rs4778243
WARNING: Reached a gap of 363523bp > 200000bp. Skipping calculation at rs4778116
WARNING: Reached a gap of 363523bp > 200000bp. Skipping calculation at rs12442147
WARNING: Reached a gap of 363523bp > 200000bp. Skipping calculation at rs16950490
WARNING: Reached a gap of 363523bp > 200000bp. Skipping calculation at rs6497284
WARNING: Reached a gap of 363523bp > 200000bp. Skipping calculation at rs4932620
WARNING: Reached a gap of 226932bp > 200000bp. Skipping calculation at rs10162722
WARNING: Reached a gap of 226932bp > 200000bp. Skipping calculation at rs12324117
WARNING: Reached a gap of 363523bp > 200000bp. Skipping calculation at rs7179419
WARNING: Reached a gap of 363523bp > 200000bp. Skipping calculation at rs12593141
WARNING: Reached a gap of 226932bp > 200000bp. Skipping calculation at rs4424881
WARNING: Reached a gap of 226932bp > 200000bp. Skipping calculation at rs1994597
WARNING: Reached a gap of 226932bp > 200000bp. Skipping calculation at rs8031475
WARNING: Reached a gap of 363523bp > 200000bp. Skipping calculation at rs8043281
WARNING: Reached a gap of 363523bp > 200000bp. Skipping calculation at rs1375167
WARNING: Reached a gap of 226932bp > 200000bp. Skipping calculation at rs17748777
WARNING: Reached a gap of 363523bp > 200000bp. Skipping calculation at rs9302376
WARNING: Reached a gap of 363523bp > 200000bp. Skipping calculation at rs8029466
WARNING: Reached a gap of 226932bp > 200000bp. Skipping calculation at rs902272
WARNING: Reached a gap of 226932bp > 200000bp. Skipping calculation at rs16954833
WARNING: Reached a gap of 226932bp > 200000bp. Skipping calculation at rs10519643
WARNING: Reached a gap of 226932bp > 200000bp. Skipping calculation at rs1490080
WARNING: Reached a gap of 363523bp > 200000bp. Skipping calculation at rs7163337
WARNING: Reached a gap of 363523bp > 200000bp. Skipping calculation at rs2703970
WARNING: Reached a gap of 226932bp > 200000bp. Skipping calculation at rs17748747
WARNING: Reached a gap of 363523bp > 200000bp. Skipping calculation at rs730502
WARNING: Reached a gap of 226932bp > 200000bp. Skipping calculation at rs937051
WARNING: Reached a gap of 363523bp > 200000bp. Skipping calculation at rs4778245
WARNING: Reached a gap of 363523bp > 200000bp. Skipping calculation at rs3794609
WARNING: Reached a gap of 226932bp > 200000bp. Skipping calculation at rs10152599
WARNING: Reached a gap of 363523bp > 200000bp. Skipping calculation at rs1448485
WARNING: Reached a gap of 363523bp > 200000bp. Skipping calculation at rs1800411
WARNING: Reached a gap of 363523bp > 200000bp. Skipping calculation at rs7166814
WARNING: Reached a gap of 363523bp > 200000bp. Skipping calculation at rs895828
WARNING: Reached a gap of 363523bp > 200000bp. Skipping calculation at rs8039195
WARNING: Reached a gap of 226932bp > 200000bp. Skipping calculation at rs8026324
WARNING: Reached a gap of 226932bp > 200000bp. Skipping calculation at rs12439742
WARNING: Reached a gap of 226932bp > 200000bp. Skipping calculation at rs7164360
WARNING: Reached a gap of 363523bp > 200000bp. Skipping calculation at rs6497272
WARNING: Reached a gap of 363523bp > 200000bp. Skipping calculation at rs1562590
WARNING: Reached a gap of 226932bp > 200000bp. Skipping calculation at rs1873278
WARNING: Reached a gap of 363523bp > 200000bp. Skipping calculation at rs8029026
WARNING: Reached a gap of 363523bp > 200000bp. Skipping calculation at rs1597196
WARNING: Reached a gap of 226932bp > 200000bp. Skipping calculation at rs4779471
WARNING: Reached a gap of 363523bp > 200000bp. Skipping calculation at rs1448484
WARNING: Reached a gap of 226932bp > 200000bp. Skipping calculation at rs4603522
WARNING: Reached a gap of 363523bp > 200000bp. Skipping calculation at rs11857677
WARNING: Reached a gap of 363523bp > 200000bp. Skipping calculation at rs6497287
WARNING: Reached a gap of 363523bp > 200000bp. Skipping calculation at rs7179792
WARNING: Reached a gap of 363523bp > 200000bp. Skipping calculation at rs2346050
WARNING: Reached a gap of 226932bp > 200000bp. Skipping calculation at rs8025972
WARNING: Reached a gap of 226932bp > 200000bp. Skipping calculation at rs16954796
WARNING: Reached a gap of 226932bp > 200000bp. Skipping calculation at rs4396503
WARNING: Reached a gap of 363523bp > 200000bp. Skipping calculation at rs4778140
WARNING: Reached a gap of 363523bp > 200000bp. Skipping calculation at rs7494786
WARNING: Reached a gap of 226932bp > 200000bp. Skipping calculation at rs4780261
WARNING: Reached a gap of 363523bp > 200000bp. Skipping calculation at rs3884517
WARNING: Reached a gap of 226932bp > 200000bp. Skipping calculation at rs11852339
WARNING: Reached a gap of 363523bp > 200000bp. Skipping calculation at rs8028689
WARNING: Reached a gap of 363523bp > 200000bp. Skipping calculation at rs16950960
WARNING: Reached a gap of 363523bp > 200000bp. Skipping calculation at rs11263728
WARNING: Reached a gap of 226932bp > 200000bp. Skipping calculation at rs1565406
WARNING: Reached a gap of 226932bp > 200000bp. Skipping calculation at rs8030283
WARNING: Reached a gap of 226932bp > 200000bp. Skipping calculation at rs13379809
WARNING: Reached a gap of 226932bp > 200000bp. Skipping calculation at rs750392
WARNING: Reached a gap of 226932bp > 200000bp. Skipping calculation at rs7172998
WARNING: Reached a gap of 363523bp > 200000bp. Skipping calculation at rs2077596
WARNING: Reached a gap of 226932bp > 200000bp. Skipping calculation at rs16954997
WARNING: Reached a gap of 363523bp > 200000bp. Skipping calculation at rs8034221
WARNING: Reached a gap of 226932bp > 200000bp. Skipping calculation at rs17680859
WARNING: Reached a gap of 226932bp > 200000bp. Skipping calculation at rs16954821
WARNING: Reached a gap of 226932bp > 200000bp. Skipping calculation at rs12443112
WARNING: Reached a gap of 363523bp > 200000bp. Skipping calculation at rs7184011
WARNING: Reached a gap of 226932bp > 200000bp. Skipping calculation at rs4780262
WARNING: Reached a gap of 226932bp > 200000bp. Skipping calculation at rs4779705
WARNING: Reached a gap of 363523bp > 200000bp. Skipping calculation at rs9989302
WARNING: Reached a gap of 363523bp > 200000bp. Skipping calculation at rs2703958
WARNING: Reached a gap of 226932bp > 200000bp. Skipping calculation at rs8038568
WARNING: Reached a gap of 363523bp > 200000bp. Skipping calculation at rs6497291
WARNING: Reached a gap of 363523bp > 200000bp. Skipping calculation at rs798114
WARNING: Reached a gap of 226932bp > 200000bp. Skipping calculation at rs902271
WARNING: Reached a gap of 226932bp > 200000bp. Skipping calculation at rs11857861
WARNING: Reached a gap of 226932bp > 200000bp. Skipping calculation at rs937048
WARNING: Reached a gap of 226932bp > 200000bp. Skipping calculation at rs11858972
WARNING: Reached a gap of 226932bp > 200000bp. Skipping calculation at rs17681130
WARNING: Reached a gap of 363523bp > 200000bp. Skipping calculation at rs1448488
WARNING: Reached a gap of 226932bp > 200000bp. Skipping calculation at rs11853379
WARNING: Reached a gap of 226932bp > 200000bp. Skipping calculation at rs7173806
WARNING: Reached a gap of 363523bp > 200000bp. Skipping calculation at rs974102
WARNING: Reached a gap of 363523bp > 200000bp. Skipping calculation at rs8024968
WARNING: Reached a gap of 363523bp > 200000bp. Skipping calculation at rs16950846
WARNING: Reached a gap of 363523bp > 200000bp. Skipping calculation at rs10438451
WARNING: Reached a gap of 363523bp > 200000bp. Skipping calculation at rs6497292
WARNING: Reached a gap of 363523bp > 200000bp. Skipping calculation at rs8036234
WARNING: Reached a gap of 226932bp > 200000bp. Skipping calculation at rs1565407
WARNING: Reached a gap of 226932bp > 200000bp. Skipping calculation at rs16954826
WARNING: Reached a gap of 226932bp > 200000bp. Skipping calculation at rs937050
WARNING: Reached a gap of 226932bp > 200000bp. Skipping calculation at rs16954991
WARNING: Reached a gap of 226932bp > 200000bp. Skipping calculation at rs12441607
WARNING: Reached a gap of 226932bp > 200000bp. Skipping calculation at rs16955013
WARNING: Reached a gap of 226932bp > 200000bp. Skipping calculation at rs8029147
WARNING: Reached a gap of 633492bp > 200000bp. Skipping calculation at rs11073039
WARNING: Reached a gap of 633492bp > 200000bp. Skipping calculation at rs11073279
WARNING: Reached a gap of 633492bp > 200000bp. Skipping calculation at rs1522792
WARNING: Reached a gap of 633492bp > 200000bp. Skipping calculation at rs11636067
WARNING: Reached a gap of 633492bp > 200000bp. Skipping calculation at rs8028531
WARNING: Reached a gap of 633492bp > 200000bp. Skipping calculation at rs8025143
WARNING: Reached a gap of 633492bp > 200000bp. Skipping calculation at rs1464564
WARNING: Reached a gap of 633492bp > 200000bp. Skipping calculation at rs9920553
WARNING: Reached a gap of 633492bp > 200000bp. Skipping calculation at rs8035651
WARNING: Reached a gap of 633492bp > 200000bp. Skipping calculation at rs4592605
WARNING: Reached a gap of 633492bp > 200000bp. Skipping calculation at rs11073050
WARNING: Reached a gap of 633492bp > 200000bp. Skipping calculation at rs939981
WARNING: Reached a gap of 633492bp > 200000bp. Skipping calculation at rs12898883
WARNING: Reached a gap of 633492bp > 200000bp. Skipping calculation at rs7171208
WARNING: Reached a gap of 633492bp > 200000bp. Skipping calculation at rs6493352
WARNING: Reached a gap of 633492bp > 200000bp. Skipping calculation at rs2949578
WARNING: Reached a gap of 633492bp > 200000bp. Skipping calculation at rs17762345
WARNING: Reached a gap of 633492bp > 200000bp. Skipping calculation at rs1719337
WARNING: Reached a gap of 633492bp > 200000bp. Skipping calculation at rs7179234
WARNING: Reached a gap of 633492bp > 200000bp. Skipping calculation at rs11070176
WARNING: Reached a gap of 633492bp > 200000bp. Skipping calculation at rs1991214
WARNING: Reached a gap of 633492bp > 200000bp. Skipping calculation at rs4492992
WARNING: Reached a gap of 633492bp > 200000bp. Skipping calculation at rs16954910
WARNING: Reached a gap of 633492bp > 200000bp. Skipping calculation at rs7403602
WARNING: Reached a gap of 633492bp > 200000bp. Skipping calculation at rs8035438
WARNING: Reached a gap of 633492bp > 200000bp. Skipping calculation at rs10163148
WARNING: Reached a gap of 633492bp > 200000bp. Skipping calculation at rs3825950
WARNING: Reached a gap of 633492bp > 200000bp. Skipping calculation at rs2125657
WARNING: Reached a gap of 633492bp > 200000bp. Skipping calculation at rs2955788
WARNING: Reached a gap of 633492bp > 200000bp. Skipping calculation at rs4497630
WARNING: Reached a gap of 633492bp > 200000bp. Skipping calculation at rs7182907
WARNING: Reached a gap of 633492bp > 200000bp. Skipping calculation at rs9806389
WARNING: Reached a gap of 633492bp > 200000bp. Skipping calculation at rs12917058
WARNING: Reached a gap of 633492bp > 200000bp. Skipping calculation at rs260546
WARNING: Reached a gap of 633492bp > 200000bp. Skipping calculation at rs11857601
WARNING: Reached a gap of 633492bp > 200000bp. Skipping calculation at rs867026
WARNING: Reached a gap of 633492bp > 200000bp. Skipping calculation at rs4779475
WARNING: Reached a gap of 633492bp > 200000bp. Skipping calculation at rs7182655
WARNING: Reached a gap of 633492bp > 200000bp. Skipping calculation at rs2091236
WARNING: Reached a gap of 633492bp > 200000bp. Skipping calculation at rs11856975
WARNING: Reached a gap of 633492bp > 200000bp. Skipping calculation at rs2873
WARNING: Reached a gap of 633492bp > 200000bp. Skipping calculation at rs1404469
WARNING: Reached a gap of 633492bp > 200000bp. Skipping calculation at rs2113946
WARNING: Reached a gap of 633492bp > 200000bp. Skipping calculation at rs9672537
WARNING: Reached a gap of 633492bp > 200000bp. Skipping calculation at rs1568633
WARNING: Reached a gap of 633492bp > 200000bp. Skipping calculation at rs16956471
WARNING: Reached a gap of 633492bp > 200000bp. Skipping calculation at rs7164994
WARNING: Reached a gap of 633492bp > 200000bp. Skipping calculation at rs11634406
WARNING: Reached a gap of 633492bp > 200000bp. Skipping calculation at rs811304
WARNING: Reached a gap of 633492bp > 200000bp. Skipping calculation at rs8042443
WARNING: Reached a gap of 633492bp > 200000bp. Skipping calculation at rs1983459
WARNING: Reached a gap of 633492bp > 200000bp. Skipping calculation at rs7176569
WARNING: Reached a gap of 633492bp > 200000bp. Skipping calculation at rs10047979
WARNING: Reached a gap of 633492bp > 200000bp. Skipping calculation at rs16954806
WARNING: Reached a gap of 633492bp > 200000bp. Skipping calculation at rs11638069
WARNING: Reached a gap of 633492bp > 200000bp. Skipping calculation at rs16956455
WARNING: Reached a gap of 633492bp > 200000bp. Skipping calculation at rs16956564
WARNING: Reached a gap of 633492bp > 200000bp. Skipping calculation at rs3784598
WARNING: Reached a gap of 633492bp > 200000bp. Skipping calculation at rs1718990
WARNING: Reached a gap of 633492bp > 200000bp. Skipping calculation at rs16954843
WARNING: Reached a gap of 633492bp > 200000bp. Skipping calculation at rs7163646
WARNING: Reached a gap of 633492bp > 200000bp. Skipping calculation at rs1035705
WARNING: Reached a gap of 633492bp > 200000bp. Skipping calculation at rs16954895
WARNING: Reached a gap of 633492bp > 200000bp. Skipping calculation at rs3784600
WARNING: Reached a gap of 633492bp > 200000bp. Skipping calculation at rs1001877
WARNING: Reached a gap of 633492bp > 200000bp. Skipping calculation at rs2337255
WARNING: Reached a gap of 633492bp > 200000bp. Skipping calculation at rs2222420
WARNING: Reached a gap of 633492bp > 200000bp. Skipping calculation at rs11637663
WARNING: Reached a gap of 633492bp > 200000bp. Skipping calculation at rs8027951
WARNING: Reached a gap of 633492bp > 200000bp. Skipping calculation at rs11632229
WARNING: Reached a gap of 633492bp > 200000bp. Skipping calculation at rs565
WARNING: Reached a gap of 633492bp > 200000bp. Skipping calculation at rs2272218
WARNING: Reached a gap of 633492bp > 200000bp. Skipping calculation at rs7181263
WARNING: Reached a gap of 633492bp > 200000bp. Skipping calculation at rs12899678
WARNING: Reached a gap of 633492bp > 200000bp. Skipping calculation at rs16954926
WARNING: Reached a gap of 633492bp > 200000bp. Skipping calculation at rs798087
WARNING: Reached a gap of 633492bp > 200000bp. Skipping calculation at rs4779797
WARNING: Reached a gap of 633492bp > 200000bp. Skipping calculation at rs2955790
WARNING: Reached a gap of 633492bp > 200000bp. Skipping calculation at rs8024444
WARNING: Reached a gap of 633492bp > 200000bp. Skipping calculation at rs16956469
WARNING: Reached a gap of 633492bp > 200000bp. Skipping calculation at rs8041717
WARNING: Reached a gap of 633492bp > 200000bp. Skipping calculation at rs2140173
WARNING: Reached a gap of 633492bp > 200000bp. Skipping calculation at rs2140736
WARNING: Reached a gap of 633492bp > 200000bp. Skipping calculation at rs2959039
WARNING: Reached a gap of 633492bp > 200000bp. Skipping calculation at rs16956447
WARNING: Reached a gap of 633492bp > 200000bp. Skipping calculation at rs16954903
WARNING: Reached a gap of 633492bp > 200000bp. Skipping calculation at rs12908432
WARNING: Reached a gap of 633492bp > 200000bp. Skipping calculation at rs2860452
WARNING: Reached a gap of 633492bp > 200000bp. Skipping calculation at rs11638295
WARNING: Reached a gap of 633492bp > 200000bp. Skipping calculation at rs12911350
WARNING: Reached a gap of 633492bp > 200000bp. Skipping calculation at rs6492918
WARNING: Reached a gap of 633492bp > 200000bp. Skipping calculation at rs3122
WARNING: Reached a gap of 633492bp > 200000bp. Skipping calculation at rs9806159
WARNING: Reached a gap of 633492bp > 200000bp. Skipping calculation at rs7177217
WARNING: Reached a gap of 633492bp > 200000bp. Skipping calculation at rs16956509
WARNING: Reached a gap of 633492bp > 200000bp. Skipping calculation at rs2949574
WARNING: Reached a gap of 633492bp > 200000bp. Skipping calculation at rs10851487
WARNING: Reached a gap of 633492bp > 200000bp. Skipping calculation at rs8040989
WARNING: Reached a gap of 633492bp > 200000bp. Skipping calculation at rs12913672
WARNING: Reached a gap of 633492bp > 200000bp. Skipping calculation at rs2042613
WARNING: Reached a gap of 633492bp > 200000bp. Skipping calculation at rs1035706
WARNING: Reached a gap of 633492bp > 200000bp. Skipping calculation at rs2911851
WARNING: Reached a gap of 633492bp > 200000bp. Skipping calculation at rs11857270
WARNING: Reached a gap of 420349bp > 200000bp. Skipping calculation at rs8028396
WARNING: Reached a gap of 420349bp > 200000bp. Skipping calculation at rs904952
WARNING: Reached a gap of 420349bp > 200000bp. Skipping calculation at rs2946540
WARNING: Reached a gap of 420349bp > 200000bp. Skipping calculation at rs7162449
WARNING: Reached a gap of 420349bp > 200000bp. Skipping calculation at rs8027230
WARNING: Reached a gap of 420349bp > 200000bp. Skipping calculation at rs8025554
WARNING: Reached a gap of 420349bp > 200000bp. Skipping calculation at rs2926504
WARNING: Reached a gap of 420349bp > 200000bp. Skipping calculation at rs11071887
WARNING: Reached a gap of 420349bp > 200000bp. Skipping calculation at rs16964412
WARNING: Reached a gap of 420349bp > 200000bp. Skipping calculation at rs12592208
WARNING: Reached a gap of 420349bp > 200000bp. Skipping calculation at rs1258731
WARNING: Reached a gap of 420349bp > 200000bp. Skipping calculation at rs16956220
WARNING: Reached a gap of 420349bp > 200000bp. Skipping calculation at rs2611605
WARNING: Reached a gap of 420349bp > 200000bp. Skipping calculation at rs12708484
WARNING: Reached a gap of 420349bp > 200000bp. Skipping calculation at rs16963973
WARNING: Reached a gap of 420349bp > 200000bp. Skipping calculation at rs6494593
WARNING: Reached a gap of 420349bp > 200000bp. Skipping calculation at rs8041763
WARNING: Reached a gap of 420349bp > 200000bp. Skipping calculation at rs2337980
WARNING: Reached a gap of 420349bp > 200000bp. Skipping calculation at rs8023613
WARNING: Reached a gap of 420349bp > 200000bp. Skipping calculation at rs12050625
WARNING: Reached a gap of 420349bp > 200000bp. Skipping calculation at rs1258714
WARNING: Reached a gap of 420349bp > 200000bp. Skipping calculation at rs7170028
WARNING: Reached a gap of 420349bp > 200000bp. Skipping calculation at rs16969344
WARNING: Reached a gap of 420349bp > 200000bp. Skipping calculation at rs9672615
WARNING: Reached a gap of 420349bp > 200000bp. Skipping calculation at rs17228564
WARNING: Reached a gap of 420349bp > 200000bp. Skipping calculation at rs17816224
WARNING: Reached a gap of 420349bp > 200000bp. Skipping calculation at rs17228592
WARNING: Reached a gap of 420349bp > 200000bp. Skipping calculation at rs16958576
WARNING: Reached a gap of 420349bp > 200000bp. Skipping calculation at rs4779978
WARNING: Reached a gap of 420349bp > 200000bp. Skipping calculation at rs2611571
WARNING: Reached a gap of 420349bp > 200000bp. Skipping calculation at rs10083612
WARNING: Reached a gap of 420349bp > 200000bp. Skipping calculation at rs12441140
WARNING: Reached a gap of 420349bp > 200000bp. Skipping calculation at rs1258732
WARNING: Reached a gap of 420349bp > 200000bp. Skipping calculation at rs2651418
WARNING: Reached a gap of 420349bp > 200000bp. Skipping calculation at rs4544214
WARNING: Reached a gap of 420349bp > 200000bp. Skipping calculation at rs17228571
WARNING: Reached a gap of 420349bp > 200000bp. Skipping calculation at rs11634570
WARNING: Reached a gap of 420349bp > 200000bp. Skipping calculation at rs9806610
WARNING: Reached a gap of 420349bp > 200000bp. Skipping calculation at rs41481945
WARNING: Reached a gap of 420349bp > 200000bp. Skipping calculation at rs4779583
WARNING: Reached a gap of 420349bp > 200000bp. Skipping calculation at rs1909884
WARNING: Reached a gap of 420349bp > 200000bp. Skipping calculation at rs4643284
WARNING: Reached a gap of 420349bp > 200000bp. Skipping calculation at rs8041254
WARNING: Reached a gap of 420349bp > 200000bp. Skipping calculation at rs8024160
WARNING: Reached a gap of 420349bp > 200000bp. Skipping calculation at rs16968154
WARNING: Reached a gap of 420349bp > 200000bp. Skipping calculation at rs1258724
WARNING: Reached a gap of 420349bp > 200000bp. Skipping calculation at rs8027615
WARNING: Reached a gap of 420349bp > 200000bp. Skipping calculation at rs1258786
WARNING: Reached a gap of 420349bp > 200000bp. Skipping calculation at rs16958710
WARNING: Reached a gap of 420349bp > 200000bp. Skipping calculation at rs347938
WARNING: Reached a gap of 420349bp > 200000bp. Skipping calculation at rs1258774
WARNING: Reached a gap of 420349bp > 200000bp. Skipping calculation at rs347945
WARNING: Reached a gap of 420349bp > 200000bp. Skipping calculation at rs347928
WARNING: Reached a gap of 646513bp > 200000bp. Skipping calculation at rs6495634
WARNING: Reached a gap of 646513bp > 200000bp. Skipping calculation at rs4778945
WARNING: Reached a gap of 646513bp > 200000bp. Skipping calculation at rs12324755
WARNING: Reached a gap of 646513bp > 200000bp. Skipping calculation at rs7176867
WARNING: Reached a gap of 646513bp > 200000bp. Skipping calculation at rs16973347
WARNING: Reached a gap of 646513bp > 200000bp. Skipping calculation at rs905451
WARNING: Reached a gap of 646513bp > 200000bp. Skipping calculation at rs2665093
WARNING: Reached a gap of 646513bp > 200000bp. Skipping calculation at rs17352886
WARNING: Reached a gap of 646513bp > 200000bp. Skipping calculation at rs17766844
WARNING: Reached a gap of 646513bp > 200000bp. Skipping calculation at rs11853163
WARNING: Reached a gap of 646513bp > 200000bp. Skipping calculation at rs1503068
WARNING: Reached a gap of 646513bp > 200000bp. Skipping calculation at rs1532750
WARNING: Reached a gap of 646513bp > 200000bp. Skipping calculation at rs9972386
WARNING: Reached a gap of 646513bp > 200000bp. Skipping calculation at rs2654212
WARNING: Reached a gap of 646513bp > 200000bp. Skipping calculation at rs2665103
WARNING: Reached a gap of 646513bp > 200000bp. Skipping calculation at rs4778987
WARNING: Reached a gap of 646513bp > 200000bp. Skipping calculation at rs4779032
WARNING: Reached a gap of 646513bp > 200000bp. Skipping calculation at rs11855735
WARNING: Reached a gap of 646513bp > 200000bp. Skipping calculation at rs10906984
WARNING: Reached a gap of 646513bp > 200000bp. Skipping calculation at rs13380317
WARNING: Reached a gap of 646513bp > 200000bp. Skipping calculation at rs3850610
WARNING: Reached a gap of 646513bp > 200000bp. Skipping calculation at rs783540
WARNING: Reached a gap of 646513bp > 200000bp. Skipping calculation at rs2099259
WARNING: Reached a gap of 646513bp > 200000bp. Skipping calculation at rs1877240
WARNING: Reached a gap of 646513bp > 200000bp. Skipping calculation at rs8036227
WARNING: Reached a gap of 646513bp > 200000bp. Skipping calculation at rs17158267
WARNING: Reached a gap of 646513bp > 200000bp. Skipping calculation at rs11259948
WARNING: Reached a gap of 646513bp > 200000bp. Skipping calculation at rs1256430
WARNING: Reached a gap of 646513bp > 200000bp. Skipping calculation at rs7174089
WARNING: Reached a gap of 646513bp > 200000bp. Skipping calculation at rs1256424
WARNING: Reached a gap of 646513bp > 200000bp. Skipping calculation at rs1256446
WARNING: Reached a gap of 646513bp > 200000bp. Skipping calculation at rs17158168
WARNING: Reached a gap of 646513bp > 200000bp. Skipping calculation at rs11259960
WARNING: Reached a gap of 646513bp > 200000bp. Skipping calculation at rs16973234
WARNING: Reached a gap of 646513bp > 200000bp. Skipping calculation at rs8031595
WARNING: Reached a gap of 646513bp > 200000bp. Skipping calculation at rs2167602
WARNING: Reached a gap of 646513bp > 200000bp. Skipping calculation at rs716886
WARNING: Reached a gap of 646513bp > 200000bp. Skipping calculation at rs9788775
WARNING: Reached a gap of 646513bp > 200000bp. Skipping calculation at rs11853590
WARNING: Reached a gap of 646513bp > 200000bp. Skipping calculation at rs41326445
WARNING: Reached a gap of 646513bp > 200000bp. Skipping calculation at rs17158059
WARNING: Reached a gap of 646513bp > 200000bp. Skipping calculation at rs7163724
WARNING: Reached a gap of 646513bp > 200000bp. Skipping calculation at rs4408505
WARNING: Reached a gap of 646513bp > 200000bp. Skipping calculation at rs2665091
WARNING: Reached a gap of 646513bp > 200000bp. Skipping calculation at rs2654216
WARNING: Reached a gap of 646513bp > 200000bp. Skipping calculation at rs8039483
WARNING: Reached a gap of 646513bp > 200000bp. Skipping calculation at rs11852562
WARNING: Reached a gap of 646513bp > 200000bp. Skipping calculation at rs1128431
WARNING: Reached a gap of 646513bp > 200000bp. Skipping calculation at rs11854289
WARNING: Reached a gap of 646513bp > 200000bp. Skipping calculation at rs4779033
WARNING: Reached a gap of 646513bp > 200000bp. Skipping calculation at rs10400906
WARNING: Reached a gap of 646513bp > 200000bp. Skipping calculation at rs11635460
WARNING: Reached a gap of 646513bp > 200000bp. Skipping calculation at rs1533136
WARNING: Reached a gap of 646513bp > 200000bp. Skipping calculation at rs17158263
WARNING: Reached a gap of 646513bp > 200000bp. Skipping calculation at rs3784377
WARNING: Reached a gap of 646513bp > 200000bp. Skipping calculation at rs3784374
WARNING: Reached a gap of 646513bp > 200000bp. Skipping calculation at rs12148275
WARNING: Reached a gap of 646513bp > 200000bp. Skipping calculation at rs6603039
WARNING: Reached a gap of 361453bp > 200000bp. Skipping calculation at rs8041963
WARNING: Reached a gap of 646513bp > 200000bp. Skipping calculation at rs16973216
WARNING: Reached a gap of 361453bp > 200000bp. Skipping calculation at rs8035958
WARNING: Reached a gap of 646513bp > 200000bp. Skipping calculation at rs11854520
WARNING: Reached a gap of 361453bp > 200000bp. Skipping calculation at rs7179507
WARNING: Reached a gap of 361453bp > 200000bp. Skipping calculation at rs17158663
WARNING: Reached a gap of 361453bp > 200000bp. Skipping calculation at rs17158590
WARNING: Reached a gap of 646513bp > 200000bp. Skipping calculation at rs16973339
WARNING: Reached a gap of 361453bp > 200000bp. Skipping calculation at rs11259917
WARNING: Reached a gap of 646513bp > 200000bp. Skipping calculation at rs2665096
WARNING: Reached a gap of 361453bp > 200000bp. Skipping calculation at rs11259931
WARNING: Reached a gap of 646513bp > 200000bp. Skipping calculation at rs8033451
WARNING: Reached a gap of 361453bp > 200000bp. Skipping calculation at rs6603004
WARNING: Reached a gap of 361453bp > 200000bp. Skipping calculation at rs4842924
WARNING: Reached a gap of 646513bp > 200000bp. Skipping calculation at rs2665118
WARNING: Reached a gap of 361453bp > 200000bp. Skipping calculation at rs713468
WARNING: Reached a gap of 361453bp > 200000bp. Skipping calculation at rs4842838
WARNING: Reached a gap of 646513bp > 200000bp. Skipping calculation at rs16973257
WARNING: Reached a gap of 646513bp > 200000bp. Skipping calculation at rs16973420
WARNING: Reached a gap of 361453bp > 200000bp. Skipping calculation at rs2011013
WARNING: Reached a gap of 361453bp > 200000bp. Skipping calculation at rs11259939
WARNING: Reached a gap of 361453bp > 200000bp. Skipping calculation at rs7180895
WARNING: Reached a gap of 361453bp > 200000bp. Skipping calculation at rs17598561
WARNING: Reached a gap of 646513bp > 200000bp. Skipping calculation at rs11073036
WARNING: Reached a gap of 646513bp > 200000bp. Skipping calculation at rs12324877
WARNING: Reached a gap of 646513bp > 200000bp. Skipping calculation at rs3970696
WARNING: Reached a gap of 361453bp > 200000bp. Skipping calculation at rs6496452
WARNING: Reached a gap of 646513bp > 200000bp. Skipping calculation at rs9806591
WARNING: Reached a gap of 361453bp > 200000bp. Skipping calculation at rs12906879
WARNING: Reached a gap of 646513bp > 200000bp. Skipping calculation at rs12900374
WARNING: Reached a gap of 361453bp > 200000bp. Skipping calculation at rs4842929
WARNING: Reached a gap of 646513bp > 200000bp. Skipping calculation at rs2379994
WARNING: Reached a gap of 361453bp > 200000bp. Skipping calculation at rs12901610
WARNING: Reached a gap of 646513bp > 200000bp. Skipping calculation at rs7178859
WARNING: Reached a gap of 361453bp > 200000bp. Skipping calculation at rs7178655
WARNING: Reached a gap of 361453bp > 200000bp. Skipping calculation at rs7237
WARNING: Reached a gap of 361453bp > 200000bp. Skipping calculation at rs8182086
WARNING: Reached a gap of 361453bp > 200000bp. Skipping calculation at rs12324363
WARNING: Reached a gap of 646513bp > 200000bp. Skipping calculation at rs11852370
WARNING: Reached a gap of 361453bp > 200000bp. Skipping calculation at rs2290271
WARNING: Reached a gap of 646513bp > 200000bp. Skipping calculation at rs12592578
WARNING: Reached a gap of 646513bp > 200000bp. Skipping calculation at rs17360083
WARNING: Reached a gap of 646513bp > 200000bp. Skipping calculation at rs11857990
WARNING: Reached a gap of 646513bp > 200000bp. Skipping calculation at rs17268471
WARNING: Reached a gap of 646513bp > 200000bp. Skipping calculation at rs11858468
WARNING: Reached a gap of 646513bp > 200000bp. Skipping calculation at rs1969090
WARNING: Reached a gap of 646513bp > 200000bp. Skipping calculation at rs2654209
WARNING: Reached a gap of 361453bp > 200000bp. Skipping calculation at rs7182216
WARNING: Reached a gap of 646513bp > 200000bp. Skipping calculation at rs4725
WARNING: Reached a gap of 646513bp > 200000bp. Skipping calculation at rs1972460
WARNING: Reached a gap of 646513bp > 200000bp. Skipping calculation at rs17507216
WARNING: Reached a gap of 646513bp > 200000bp. Skipping calculation at rs783528
WARNING: Reached a gap of 646513bp > 200000bp. Skipping calculation at rs7494860
WARNING: Reached a gap of 646513bp > 200000bp. Skipping calculation at rs7179851
WARNING: Reached a gap of 646513bp > 200000bp. Skipping calculation at rs17841165
WARNING: Reached a gap of 361453bp > 200000bp. Skipping calculation at rs4572348
WARNING: Reached a gap of 646513bp > 200000bp. Skipping calculation at rs899747
WARNING: Reached a gap of 646513bp > 200000bp. Skipping calculation at rs11259906
WARNING: Reached a gap of 646513bp > 200000bp. Skipping calculation at rs17359001
WARNING: Reached a gap of 361453bp > 200000bp. Skipping calculation at rs11259933
WARNING: Reached a gap of 646513bp > 200000bp. Skipping calculation at rs872599
WARNING: Reached a gap of 646513bp > 200000bp. Skipping calculation at rs2046070
WARNING: Reached a gap of 361453bp > 200000bp. Skipping calculation at rs1480821
WARNING: Reached a gap of 646513bp > 200000bp. Skipping calculation at rs12903066
WARNING: Reached a gap of 361453bp > 200000bp. Skipping calculation at rs17158472
WARNING: Reached a gap of 646513bp > 200000bp. Skipping calculation at rs12902721
WARNING: Reached a gap of 646513bp > 200000bp. Skipping calculation at rs17841157
WARNING: Reached a gap of 361453bp > 200000bp. Skipping calculation at rs6603016
WARNING: Reached a gap of 361453bp > 200000bp. Skipping calculation at rs11858419
WARNING: Reached a gap of 361453bp > 200000bp. Skipping calculation at rs3809508
WARNING: Reached a gap of 361453bp > 200000bp. Skipping calculation at rs11853985
WARNING: Reached a gap of 361453bp > 200000bp. Skipping calculation at rs7173860
WARNING: Reached a gap of 361453bp > 200000bp. Skipping calculation at rs896368
WARNING: Reached a gap of 361453bp > 200000bp. Skipping calculation at rs2730085
WARNING: Reached a gap of 361453bp > 200000bp. Skipping calculation at rs4073684
WARNING: Reached a gap of 361453bp > 200000bp. Skipping calculation at rs1564472
WARNING: Reached a gap of 361453bp > 200000bp. Skipping calculation at rs2030839
WARNING: Reached a gap of 361453bp > 200000bp. Skipping calculation at rs12148239
WARNING: Reached a gap of 361453bp > 200000bp. Skipping calculation at rs2895953
WARNING: Reached a gap of 361453bp > 200000bp. Skipping calculation at rs6603020
WARNING: Reached a gap of 361453bp > 200000bp. Skipping calculation at rs510875
WARNING: Reached a gap of 361453bp > 200000bp. Skipping calculation at rs6496441
WARNING: Reached a gap of 361453bp > 200000bp. Skipping calculation at rs10852094
WARNING: Reached a gap of 361453bp > 200000bp. Skipping calculation at rs11853372
WARNING: Reached a gap of 361453bp > 200000bp. Skipping calculation at rs2585049
WARNING: Reached a gap of 646513bp > 200000bp. Skipping calculation at rs4778656
WARNING: Reached a gap of 361453bp > 200000bp. Skipping calculation at rs2401173
WARNING: Reached a gap of 646513bp > 200000bp. Skipping calculation at rs12915334
WARNING: Reached a gap of 361453bp > 200000bp. Skipping calculation at rs11633301
WARNING: Reached a gap of 646513bp > 200000bp. Skipping calculation at rs8039459
WARNING: Reached a gap of 361453bp > 200000bp. Skipping calculation at rs12101685
WARNING: Reached a gap of 646513bp > 200000bp. Skipping calculation at rs11854334
WARNING: Reached a gap of 646513bp > 200000bp. Skipping calculation at rs4778972
WARNING: Reached a gap of 361453bp > 200000bp. Skipping calculation at rs17158449
WARNING: Reached a gap of 646513bp > 200000bp. Skipping calculation at rs17350303
WARNING: Reached a gap of 361453bp > 200000bp. Skipping calculation at rs3913457
WARNING: Reached a gap of 361453bp > 200000bp. Skipping calculation at rs7169629
WARNING: Reached a gap of 646513bp > 200000bp. Skipping calculation at rs2654224
WARNING: Reached a gap of 361453bp > 200000bp. Skipping calculation at rs2007616
WARNING: Reached a gap of 361453bp > 200000bp. Skipping calculation at rs12904777
WARNING: Reached a gap of 646513bp > 200000bp. Skipping calculation at rs4778973
WARNING: Reached a gap of 646513bp > 200000bp. Skipping calculation at rs12324805
WARNING: Reached a gap of 646513bp > 200000bp. Skipping calculation at rs2654194
WARNING: Reached a gap of 646513bp > 200000bp. Skipping calculation at rs17699249
WARNING: Reached a gap of 646513bp > 200000bp. Skipping calculation at rs2292073
WARNING: Reached a gap of 646513bp > 200000bp. Skipping calculation at rs1045508
WARNING: Reached a gap of 646513bp > 200000bp. Skipping calculation at rs4778672
WARNING: Reached a gap of 646513bp > 200000bp. Skipping calculation at rs8029925
WARNING: Reached a gap of 646513bp > 200000bp. Skipping calculation at rs783523
WARNING: Reached a gap of 646513bp > 200000bp. Skipping calculation at rs2665120
WARNING: Reached a gap of 646513bp > 200000bp. Skipping calculation at rs8043401
WARNING: Reached a gap of 646513bp > 200000bp. Skipping calculation at rs3743102
WARNING: Reached a gap of 646513bp > 200000bp. Skipping calculation at rs4779068
WARNING: Reached a gap of 646513bp > 200000bp. Skipping calculation at rs8042263
WARNING: Reached a gap of 646513bp > 200000bp. Skipping calculation at rs7164936
WARNING: Reached a gap of 646513bp > 200000bp. Skipping calculation at rs11856299
WARNING: Reached a gap of 646513bp > 200000bp. Skipping calculation at rs8027661
WARNING: Reached a gap of 646513bp > 200000bp. Skipping calculation at rs17294476
WARNING: Reached a gap of 646513bp > 200000bp. Skipping calculation at rs11854758
WARNING: Reached a gap of 646513bp > 200000bp. Skipping calculation at rs11630197
WARNING: Reached a gap of 646513bp > 200000bp. Skipping calculation at rs8032281
WARNING: Reached a gap of 646513bp > 200000bp. Skipping calculation at rs7165690
WARNING: Reached a gap of 646513bp > 200000bp. Skipping calculation at rs7163840
WARNING: Reached a gap of 646513bp > 200000bp. Skipping calculation at rs8028133
WARNING: Reached a gap of 646513bp > 200000bp. Skipping calculation at rs4842993
WARNING: Reached a gap of 646513bp > 200000bp. Skipping calculation at rs1271044
WARNING: Reached a gap of 646513bp > 200000bp. Skipping calculation at rs1256428
WARNING: Reached a gap of 646513bp > 200000bp. Skipping calculation at rs13379920
WARNING: Reached a gap of 646513bp > 200000bp. Skipping calculation at rs17158194
WARNING: Reached a gap of 646513bp > 200000bp. Skipping calculation at rs1002881
WARNING: Reached a gap of 646513bp > 200000bp. Skipping calculation at rs7177184
WARNING: Reached a gap of 646513bp > 200000bp. Skipping calculation at rs17295457
WARNING: Reached a gap of 646513bp > 200000bp. Skipping calculation at rs17159038
WARNING: Reached a gap of 646513bp > 200000bp. Skipping calculation at rs12440265
WARNING: Reached a gap of 646513bp > 200000bp. Skipping calculation at rs17508610
WARNING: Reached a gap of 646513bp > 200000bp. Skipping calculation at rs7171743
WARNING: Reached a gap of 646513bp > 200000bp. Skipping calculation at rs8030769
WARNING: Reached a gap of 646513bp > 200000bp. Skipping calculation at rs2654191
WARNING: Reached a gap of 646513bp > 200000bp. Skipping calculation at rs10520577
WARNING: Reached a gap of 646513bp > 200000bp. Skipping calculation at rs871772
WARNING: Reached a gap of 646513bp > 200000bp. Skipping calculation at rs2654213
WARNING: Reached a gap of 646513bp > 200000bp. Skipping calculation at rs17157748
WARNING: Reached a gap of 646513bp > 200000bp. Skipping calculation at rs16973411
WARNING: Reached a gap of 646513bp > 200000bp. Skipping calculation at rs17354842
WARNING: Reached a gap of 646513bp > 200000bp. Skipping calculation at rs16973457
WARNING: Reached a gap of 646513bp > 200000bp. Skipping calculation at rs7169145
WARNING: Reached a gap of 646513bp > 200000bp. Skipping calculation at rs4778686
WARNING: Reached a gap of 361453bp > 200000bp. Skipping calculation at rs11639305
WARNING: Reached a gap of 646513bp > 200000bp. Skipping calculation at rs10468219
WARNING: Reached a gap of 646513bp > 200000bp. Skipping calculation at rs1105288
WARNING: Reached a gap of 646513bp > 200000bp. Skipping calculation at rs2046071
WARNING: Reached a gap of 646513bp > 200000bp. Skipping calculation at rs899746
WARNING: Reached a gap of 646513bp > 200000bp. Skipping calculation at rs1256447
WARNING: Reached a gap of 646513bp > 200000bp. Skipping calculation at rs1010820
WARNING: Reached a gap of 646513bp > 200000bp. Skipping calculation at rs6603041
WARNING: Reached a gap of 646513bp > 200000bp. Skipping calculation at rs1568657
WARNING: Reached a gap of 646513bp > 200000bp. Skipping calculation at rs7172590
WARNING: Reached a gap of 361453bp > 200000bp. Skipping calculation at rs1426160
WARNING: Reached a gap of 361453bp > 200000bp. Skipping calculation at rs7162500
WARNING: Reached a gap of 361453bp > 200000bp. Skipping calculation at rs7167818
WARNING: Reached a gap of 361453bp > 200000bp. Skipping calculation at rs2562768
WARNING: Reached a gap of 361453bp > 200000bp. Skipping calculation at rs2401175
WARNING: Reached a gap of 361453bp > 200000bp. Skipping calculation at rs1480823
WARNING: Reached a gap of 361453bp > 200000bp. Skipping calculation at rs4359399
WARNING: Reached a gap of 361453bp > 200000bp. Skipping calculation at rs1863449
WARNING: Reached a gap of 361453bp > 200000bp. Skipping calculation at rs7183235
WARNING: Reached a gap of 361453bp > 200000bp. Skipping calculation at rs4420497
WARNING: Reached a gap of 361453bp > 200000bp. Skipping calculation at rs1107179
WARNING: Reached a gap of 361453bp > 200000bp. Skipping calculation at rs7183401
WARNING: Reached a gap of 361453bp > 200000bp. Skipping calculation at rs12592661
WARNING: Reached a gap of 361453bp > 200000bp. Skipping calculation at rs1451538
WARNING: Reached a gap of 361453bp > 200000bp. Skipping calculation at rs896366
WARNING: Reached a gap of 361453bp > 200000bp. Skipping calculation at rs4375628
WARNING: Reached a gap of 361453bp > 200000bp. Skipping calculation at rs7164141
WARNING: Reached a gap of 361453bp > 200000bp. Skipping calculation at rs17158541
WARNING: Reached a gap of 361453bp > 200000bp. Skipping calculation at rs10906982
WARNING: Reached a gap of 361453bp > 200000bp. Skipping calculation at rs11259936
WARNING: Reached a gap of 361453bp > 200000bp. Skipping calculation at rs4842923
WARNING: Reached a gap of 361453bp > 200000bp. Skipping calculation at rs11630705
WARNING: Reached a gap of 361453bp > 200000bp. Skipping calculation at rs11630762
WARNING: Reached a gap of 361453bp > 200000bp. Skipping calculation at rs9989259
WARNING: Reached a gap of 361453bp > 200000bp. Skipping calculation at rs17158470
WARNING: Reached a gap of 361453bp > 200000bp. Skipping calculation at rs950168
WARNING: Reached a gap of 361453bp > 200000bp. Skipping calculation at rs2292463
WARNING: Reached a gap of 361453bp > 200000bp. Skipping calculation at rs1975277
WARNING: Reached a gap of 361453bp > 200000bp. Skipping calculation at rs17158441
WARNING: Reached a gap of 361453bp > 200000bp. Skipping calculation at rs11634320
WARNING: Reached a gap of 361453bp > 200000bp. Skipping calculation at rs12101610
WARNING: Reached a gap of 361453bp > 200000bp. Skipping calculation at rs17599905
WARNING: Reached a gap of 361453bp > 200000bp. Skipping calculation at rs8040247
WARNING: Reached a gap of 361453bp > 200000bp. Skipping calculation at rs4842999
WARNING: Reached a gap of 361453bp > 200000bp. Skipping calculation at rs1545471
WARNING: Reached a gap of 361453bp > 200000bp. Skipping calculation at rs11635705
WARNING: Reached a gap of 361453bp > 200000bp. Skipping calculation at rs896370
WARNING: Reached a gap of 361453bp > 200000bp. Skipping calculation at rs7165772
WARNING: Reached chromosome edge before EHH decayed below 0.05. Skipping calculation at rs12595154
WARNING: Reached chromosome edge before EHH decayed below 0.05. Skipping calculation at rs572705
WARNING: Reached chromosome edge before EHH decayed below 0.05. Skipping calculation at rs7495447
WARNING: Reached chromosome edge before EHH decayed below 0.05. Skipping calculation at rs352742
WARNING: Reached chromosome edge before EHH decayed below 0.05. Skipping calculation at rs7169385
WARNING: Reached chromosome edge before EHH decayed below 0.05. Skipping calculation at rs12148247
WARNING: Reached chromosome edge before EHH decayed below 0.05. Skipping calculation at rs8033312
WARNING: Reached chromosome edge before EHH decayed below 0.05. Skipping calculation at rs8035859
WARNING: Reached chromosome edge before EHH decayed below 0.05. Skipping calculation at rs7182334
WARNING: Reached chromosome edge before EHH decayed below 0.05. Skipping calculation at rs516667
WARNING: Reached chromosome edge before EHH decayed below 0.05. Skipping calculation at rs7172905
WARNING: Reached chromosome edge before EHH decayed below 0.05. Skipping calculation at rs352743
WARNING: Reached chromosome edge before EHH decayed below 0.05. Skipping calculation at rs11637017
WARNING: Reached chromosome edge before EHH decayed below 0.05. Skipping calculation at rs11247312
WARNING: Reached chromosome edge before EHH decayed below 0.05. Skipping calculation at rs9635431
WARNING: Reached chromosome edge before EHH decayed below 0.05. Skipping calculation at rs12901450
WARNING: Reached chromosome edge before EHH decayed below 0.05. Skipping calculation at rs8026439
WARNING: Reached chromosome edge before EHH decayed below 0.05. Skipping calculation at rs1399026
WARNING: Reached chromosome edge before EHH decayed below 0.05. Skipping calculation at rs11635432
WARNING: Reached chromosome edge before EHH decayed below 0.05. Skipping calculation at rs11854173
WARNING: Reached chromosome edge before EHH decayed below 0.05. Skipping calculation at rs10444899
WARNING: Reached chromosome edge before EHH decayed below 0.05. Skipping calculation at rs3905942
WARNING: Reached chromosome edge before EHH decayed below 0.05. Skipping calculation at rs1355871
WARNING: Reached chromosome edge before EHH decayed below 0.05. Skipping calculation at rs2921658
WARNING: Reached chromosome edge before EHH decayed below 0.05. Skipping calculation at rs1908160
WARNING: Reached chromosome edge before EHH decayed below 0.05. Skipping calculation at rs352717
WARNING: Reached chromosome edge before EHH decayed below 0.05. Skipping calculation at rs7165135
WARNING: Reached chromosome edge before EHH decayed below 0.05. Skipping calculation at rs624365
WARNING: Reached chromosome edge before EHH decayed below 0.05. Skipping calculation at rs8038125
WARNING: Reached chromosome edge before EHH decayed below 0.05. Skipping calculation at rs352744
WARNING: Reached chromosome edge before EHH decayed below 0.05. Skipping calculation at rs1533309
WARNING: Reached chromosome edge before EHH decayed below 0.05. Skipping calculation at rs2956846
WARNING: Reached chromosome edge before EHH decayed below 0.05. Skipping calculation at rs12907459
WARNING: Reached chromosome edge before EHH decayed below 0.05. Skipping calculation at rs352722
WARNING: Reached chromosome edge before EHH decayed below 0.05. Skipping calculation at rs11639153
